<?xml version="1.0" encoding="UTF-8" ?>
<testsuite tests="98" failures="0" name="tests.TestRunner" time="6.506" errors="0" skipped="0">
  <properties>
    <property name="java.runtime.name" value="Java(TM) SE Runtime Environment"/>
    <property name="java.vm.version" value="9+181"/>
    <property name="sun.boot.library.path" value="C:\Program Files\Java\jdk-9\bin"/>
    <property name="maven.multiModuleProjectDirectory" value="D:\Gosia&apos;s stuff\AutomationPractice"/>
    <property name="java.vm.vendor" value="Oracle Corporation"/>
    <property name="java.vendor.url" value="http://java.oracle.com/"/>
    <property name="guice.disable.misplaced.annotation.check" value="true"/>
    <property name="path.separator" value=";"/>
    <property name="java.vm.name" value="Java HotSpot(TM) 64-Bit Server VM"/>
    <property name="file.encoding.pkg" value="sun.io"/>
    <property name="sun.os.patch.level" value=""/>
    <property name="user.script" value=""/>
    <property name="user.country" value="PL"/>
    <property name="sun.java.launcher" value="SUN_STANDARD"/>
    <property name="java.vm.specification.name" value="Java Virtual Machine Specification"/>
    <property name="user.dir" value="D:\Gosia&apos;s stuff\AutomationPractice"/>
    <property name="java.vm.compressedOopsMode" value="Zero based"/>
    <property name="java.runtime.version" value="9+181"/>
    <property name="java.awt.graphicsenv" value="sun.awt.Win32GraphicsEnvironment"/>
    <property name="os.arch" value="amd64"/>
    <property name="java.io.tmpdir" value="C:\Users\tylko\AppData\Local\Temp\"/>
    <property name="line.separator" value="
"/>
    <property name="java.vm.specification.vendor" value="Oracle Corporation"/>
    <property name="user.variant" value=""/>
    <property name="os.name" value="Windows 10"/>
    <property name="classworlds.conf" value="C:\Users\tylko\Work\Programms\Maven\bin\..\bin\m2.conf"/>
    <property name="sun.jnu.encoding" value="Cp1250"/>
    <property name="java.library.path" value="C:\Program Files\Java\jdk-9\bin;C:\WINDOWS\Sun\Java\bin;C:\WINDOWS\system32;C:\WINDOWS;C:\Program Files\Java\jdk-9\bin;C:\Program Files (x86)\NVIDIA Corporation\PhysX\Common;C:\Program Files (x86)\Intel\iCLS Client\;C:\Program Files\Intel\iCLS Client\;C:\Windows\system32;C:\Windows;C:\Windows\System32\Wbem;C:\Windows\System32\WindowsPowerShell\v1.0\;C:\Program Files\Intel\Intel(R) Management Engine Components\DAL;C:\Program Files (x86)\Intel\Intel(R) Management Engine Components\DAL;C:\Program Files\Intel\Intel(R) Management Engine Components\IPT;C:\Program Files (x86)\Intel\Intel(R) Management Engine Components\IPT;C:\Program Files (x86)\Acer\abFiles\;C:\Program Files (x86)\Windows Kits\8.1\Windows Performance Toolkit\;C:\Program Files\Microsoft SQL Server\110\Tools\Binn\;C:\WINDOWS\system32;C:\WINDOWS;C:\WINDOWS\System32\Wbem;C:\WINDOWS\System32\WindowsPowerShell\v1.0\;C:\Program Files\Microsoft SQL Server\120\Tools\Binn\;C:\Program Files\Microsoft\Web Platform Installer\;C:\Program Files\Microsoft SQL Server\110\DTS\Binn\;C:\Program Files (x86)\Microsoft SQL Server\110\Tools\Binn\;C:\Program Files (x86)\Microsoft SQL Server\110\Tools\Binn\ManagementStudio\;C:\Program Files (x86)\Microsoft Visual Studio 10.0\Common7\IDE\PrivateAssemblies\;C:\Program Files (x86)\Microsoft SQL Server\110\DTS\Binn\;C:\Program Files\nodejs\;C:\Program Files (x86)\Skype\Phone\;C:\Program Files\Microsoft SQL Server\130\Tools\Binn\;C:\Program Files\dotnet\;C:\Users\tylko\Work\Programms\Maven\bin;C:\Program Files (x86)\WinAnt\bin;C:\bin;C:\Program Files\Java\jdk1.8.0_25\bin;."/>
    <property name="maven.conf" value="C:\Users\tylko\Work\Programms\Maven\bin\../conf"/>
    <property name="jdk.debug" value="release"/>
    <property name="java.class.version" value="53.0"/>
    <property name="java.specification.name" value="Java Platform API Specification"/>
    <property name="sun.management.compiler" value="HotSpot 64-Bit Tiered Compilers"/>
    <property name="os.version" value="10.0"/>
    <property name="library.jansi.path" value="C:\Users\tylko\Work\Programms\Maven\bin\..\lib\jansi-native"/>
    <property name="user.home" value="C:\Users\tylko"/>
    <property name="user.timezone" value="Europe/Belgrade"/>
    <property name="java.awt.printerjob" value="sun.awt.windows.WPrinterJob"/>
    <property name="file.encoding" value="Cp1250"/>
    <property name="java.specification.version" value="9"/>
    <property name="user.name" value="tylko"/>
    <property name="java.class.path" value="C:\Users\tylko\Work\Programms\Maven\bin\..\boot\plexus-classworlds-2.5.2.jar"/>
    <property name="java.vm.specification.version" value="9"/>
    <property name="sun.arch.data.model" value="64"/>
    <property name="sun.java.command" value="org.codehaus.plexus.classworlds.launcher.Launcher test"/>
    <property name="java.home" value="C:\Program Files\Java\jdk-9"/>
    <property name="user.language" value="pl"/>
    <property name="java.specification.vendor" value="Oracle Corporation"/>
    <property name="awt.toolkit" value="sun.awt.windows.WToolkit"/>
    <property name="java.vm.info" value="mixed mode"/>
    <property name="java.version" value="9"/>
    <property name="java.vendor" value="Oracle Corporation"/>
    <property name="sun.stderr.encoding" value="cp852"/>
    <property name="maven.home" value="C:\Users\tylko\Work\Programms\Maven\bin\.."/>
    <property name="file.separator" value="\"/>
    <property name="java.vendor.url.bug" value="http://bugreport.java.com/bugreport/"/>
    <property name="sun.io.unicode.encoding" value="UnicodeLittle"/>
    <property name="sun.cpu.endian" value="little"/>
    <property name="sun.stdout.encoding" value="cp852"/>
    <property name="sun.desktop" value="windows"/>
    <property name="sun.cpu.isalist" value="amd64"/>
  </properties>
  <testcase classname="Scenario: User can order sth and select payment by bank wire" name="Given user is not authenticated" time="0"/>
  <testcase classname="Scenario: User can order sth and select payment by bank wire" name="And user is on the main page" time="0"/>
  <testcase classname="Scenario: User can order sth and select payment by bank wire" name="Given user is registered and logged in to the application" time="0"/>
  <testcase classname="Scenario: User can order sth and select payment by bank wire" name="When user clicks &apos;Home&apos; button" time="0"/>
  <testcase classname="Scenario: User can order sth and select payment by bank wire" name="When user provides search phase" time="0"/>
  <testcase classname="Scenario: User can order sth and select payment by bank wire" name="Then user should see search results" time="0"/>
  <testcase classname="Scenario: User can order sth and select payment by bank wire" name="When user adds to cart first item on the page" time="0"/>
  <testcase classname="Scenario: User can order sth and select payment by bank wire" name="Then user can see &apos;there is an item added to cart&apos; message" time="0"/>
  <testcase classname="Scenario: User can order sth and select payment by bank wire" name="And user proceeds to checkout" time="0"/>
  <testcase classname="Scenario: User can order sth and select payment by bank wire" name="And user proceeds from summary to checkout" time="0"/>
  <testcase classname="Scenario: User can order sth and select payment by bank wire" name="And user proceeds from address to checkout" time="0"/>
  <testcase classname="Scenario: User can order sth and select payment by bank wire" name="And user agrees to TOS" time="0"/>
  <testcase classname="Scenario: User can order sth and select payment by bank wire" name="And user proceeds from shipping to checkout" time="0"/>
  <testcase classname="Scenario: User can order sth and select payment by bank wire" name="And user selects &apos;Pay by bank wire&apos; payment method" time="0"/>
  <testcase classname="Scenario: User can order sth and select payment by bank wire" name="And user confirms an order" time="0"/>
  <testcase classname="Scenario: User can order sth and select payment by bank wire" name="And user clicks &apos;Back to orders&apos;" time="0"/>
  <testcase classname="Scenario: User can order sth and select payment by bank wire" name="Then user is redirected to the order history" time="0"/>
  <testcase classname="Scenario: User can order sth and select payment by bank wire" name="When user clicks &apos;Details&apos;" time="0"/>
  <testcase classname="Scenario: User can order sth and select payment by bank wire" name="Then user can see details of his orders" time="0"/>
  <testcase classname="Scenario: User can order sth and select payment by bank wire" name="Scenario: User can order sth and select payment by bank wire" time="0.748"/>
  <testcase classname="Scenario: User can order sth and select payment by cheque" name="Given user is not authenticated" time="0"/>
  <testcase classname="Scenario: User can order sth and select payment by cheque" name="And user is on the main page" time="0"/>
  <testcase classname="Scenario: User can order sth and select payment by cheque" name="Given user is registered and logged in to the application" time="0"/>
  <testcase classname="Scenario: User can order sth and select payment by cheque" name="When user clicks &apos;Home&apos; button" time="0"/>
  <testcase classname="Scenario: User can order sth and select payment by cheque" name="When user provides search phase" time="0"/>
  <testcase classname="Scenario: User can order sth and select payment by cheque" name="Then user should see search results" time="0"/>
  <testcase classname="Scenario: User can order sth and select payment by cheque" name="When user adds to cart first item on the page" time="0"/>
  <testcase classname="Scenario: User can order sth and select payment by cheque" name="And user proceeds to checkout" time="0"/>
  <testcase classname="Scenario: User can order sth and select payment by cheque" name="And user proceeds from summary to checkout" time="0"/>
  <testcase classname="Scenario: User can order sth and select payment by cheque" name="And user proceeds from address to checkout" time="0"/>
  <testcase classname="Scenario: User can order sth and select payment by cheque" name="And user agrees to TOS" time="0"/>
  <testcase classname="Scenario: User can order sth and select payment by cheque" name="And user proceeds from shipping to checkout" time="0"/>
  <testcase classname="Scenario: User can order sth and select payment by cheque" name="And user selects &apos;Pay by cheque&apos; payment method" time="0"/>
  <testcase classname="Scenario: User can order sth and select payment by cheque" name="And user confirms an order" time="0"/>
  <testcase classname="Scenario: User can order sth and select payment by cheque" name="And user clicks &apos;Back to orders&apos;" time="0"/>
  <testcase classname="Scenario: User can order sth and select payment by cheque" name="Then user is redirected to the order history" time="0"/>
  <testcase classname="Scenario: User can order sth and select payment by cheque" name="When user clicks &apos;Details&apos;" time="0"/>
  <testcase classname="Scenario: User can order sth and select payment by cheque" name="Then user can see details of his orders" time="0"/>
  <testcase classname="Scenario: User can order sth and select payment by cheque" name="Scenario: User can order sth and select payment by cheque" time="0.744"/>
  <testcase classname="| firstname.lastname@domain.com | xyz_password |" name="Given user is not authenticated" time="0"/>
  <testcase classname="| firstname.lastname@domain.com | xyz_password |" name="And user is on the main page" time="0"/>
  <testcase classname="| firstname.lastname@domain.com | xyz_password |" name="Given user is registered in the application with valid login and password" time="0"/>
  <testcase classname="| firstname.lastname@domain.com | xyz_password |" name="When user clicks &apos;Sign in&apos; button" time="0"/>
  <testcase classname="| firstname.lastname@domain.com | xyz_password |" name="And user enters login &quot;firstname.lastname@domain.com&quot;" time="0"/>
  <testcase classname="| firstname.lastname@domain.com | xyz_password |" name="And user enters password &quot;xyz_password&quot;" time="0"/>
  <testcase classname="| firstname.lastname@domain.com | xyz_password |" name="And submit form with the &apos;Sign in&apos; button" time="0"/>
  <testcase classname="| firstname.lastname@domain.com | xyz_password |" name="Then user is redirected to &apos;My account page&apos;" time="0"/>
  <testcase classname="| firstname.lastname@domain.com | xyz_password |" name="When user clicks &apos;My personal information&apos;" time="0"/>
  <testcase classname="| firstname.lastname@domain.com | xyz_password |" name="Then user can see the correct data such as first name, last name, email address and date of birth" time="0"/>
  <testcase classname="| firstname.lastname@domain.com | xyz_password |" name="| firstname.lastname@domain.com | xyz_password |" time="0.71"/>
  <testcase classname="| firstname.lastname@ | xyz_password | Invalid email address. |" name="Given user is not authenticated" time="0"/>
  <testcase classname="| firstname.lastname@ | xyz_password | Invalid email address. |" name="And user is on the main page" time="0"/>
  <testcase classname="| firstname.lastname@ | xyz_password | Invalid email address. |" name="When user clicks &apos;Sign in&apos; button" time="0"/>
  <testcase classname="| firstname.lastname@ | xyz_password | Invalid email address. |" name="And user enters login &quot;firstname.lastname@&quot;" time="0"/>
  <testcase classname="| firstname.lastname@ | xyz_password | Invalid email address. |" name="And user enters password &quot;xyz_password&quot;" time="0"/>
  <testcase classname="| firstname.lastname@ | xyz_password | Invalid email address. |" name="And submit form with the &apos;Sign in&apos; button" time="0"/>
  <testcase classname="| firstname.lastname@ | xyz_password | Invalid email address. |" name="Then user can see relevant validation message: &quot;Invalid email address.&quot;" time="0"/>
  <testcase classname="| firstname.lastname@ | xyz_password | Invalid email address. |" name="| firstname.lastname@ | xyz_password | Invalid email address. |" time="0.7"/>
  <testcase classname="| firstname.lastname@domain.com | wrong_pass | Authentication failed. |" name="Given user is not authenticated" time="0"/>
  <testcase classname="| firstname.lastname@domain.com | wrong_pass | Authentication failed. |" name="And user is on the main page" time="0"/>
  <testcase classname="| firstname.lastname@domain.com | wrong_pass | Authentication failed. |" name="When user clicks &apos;Sign in&apos; button" time="0"/>
  <testcase classname="| firstname.lastname@domain.com | wrong_pass | Authentication failed. |" name="And user enters login &quot;firstname.lastname@domain.com&quot;" time="0"/>
  <testcase classname="| firstname.lastname@domain.com | wrong_pass | Authentication failed. |" name="And user enters password &quot;wrong_pass&quot;" time="0"/>
  <testcase classname="| firstname.lastname@domain.com | wrong_pass | Authentication failed. |" name="And submit form with the &apos;Sign in&apos; button" time="0"/>
  <testcase classname="| firstname.lastname@domain.com | wrong_pass | Authentication failed. |" name="Then user can see relevant validation message: &quot;Authentication failed.&quot;" time="0"/>
  <testcase classname="| firstname.lastname@domain.com | wrong_pass | Authentication failed. |" name="| firstname.lastname@domain.com | wrong_pass | Authentication failed. |" time="0.71"/>
  <testcase classname="| tooshort@pass.com | pass | Invalid password. |" name="Given user is not authenticated" time="0"/>
  <testcase classname="| tooshort@pass.com | pass | Invalid password. |" name="And user is on the main page" time="0"/>
  <testcase classname="| tooshort@pass.com | pass | Invalid password. |" name="When user clicks &apos;Sign in&apos; button" time="0"/>
  <testcase classname="| tooshort@pass.com | pass | Invalid password. |" name="And user enters login &quot;tooshort@pass.com&quot;" time="0"/>
  <testcase classname="| tooshort@pass.com | pass | Invalid password. |" name="And user enters password &quot;pass&quot;" time="0"/>
  <testcase classname="| tooshort@pass.com | pass | Invalid password. |" name="And submit form with the &apos;Sign in&apos; button" time="0"/>
  <testcase classname="| tooshort@pass.com | pass | Invalid password. |" name="Then user can see relevant validation message: &quot;Invalid password.&quot;" time="0"/>
  <testcase classname="| tooshort@pass.com | pass | Invalid password. |" name="| tooshort@pass.com | pass | Invalid password. |" time="0.722"/>
  <testcase classname="| empty@pass.pl |  | Password is required. |" name="Given user is not authenticated" time="0"/>
  <testcase classname="| empty@pass.pl |  | Password is required. |" name="And user is on the main page" time="0"/>
  <testcase classname="| empty@pass.pl |  | Password is required. |" name="When user clicks &apos;Sign in&apos; button" time="0"/>
  <testcase classname="| empty@pass.pl |  | Password is required. |" name="And user enters login &quot;empty@pass.pl&quot;" time="0"/>
  <testcase classname="| empty@pass.pl |  | Password is required. |" name="And user enters password &quot;&quot;" time="0"/>
  <testcase classname="| empty@pass.pl |  | Password is required. |" name="And submit form with the &apos;Sign in&apos; button" time="0"/>
  <testcase classname="| empty@pass.pl |  | Password is required. |" name="Then user can see relevant validation message: &quot;Password is required.&quot;" time="0"/>
  <testcase classname="| empty@pass.pl |  | Password is required. |" name="| empty@pass.pl |  | Password is required. |" time="0.737"/>
  <testcase classname="|  | empty_login | An email address required. |" name="Given user is not authenticated" time="0"/>
  <testcase classname="|  | empty_login | An email address required. |" name="And user is on the main page" time="0"/>
  <testcase classname="|  | empty_login | An email address required. |" name="When user clicks &apos;Sign in&apos; button" time="0"/>
  <testcase classname="|  | empty_login | An email address required. |" name="And user enters login &quot;&quot;" time="0"/>
  <testcase classname="|  | empty_login | An email address required. |" name="And user enters password &quot;empty_login&quot;" time="0"/>
  <testcase classname="|  | empty_login | An email address required. |" name="And submit form with the &apos;Sign in&apos; button" time="0"/>
  <testcase classname="|  | empty_login | An email address required. |" name="Then user can see relevant validation message: &quot;An email address required.&quot;" time="0"/>
  <testcase classname="|  | empty_login | An email address required. |" name="|  | empty_login | An email address required. |" time="0.719"/>
  <testcase classname="| unregistered_email@domain.com | xyz_password | Authentication failed. |" name="Given user is not authenticated" time="0"/>
  <testcase classname="| unregistered_email@domain.com | xyz_password | Authentication failed. |" name="And user is on the main page" time="0"/>
  <testcase classname="| unregistered_email@domain.com | xyz_password | Authentication failed. |" name="When user clicks &apos;Sign in&apos; button" time="0"/>
  <testcase classname="| unregistered_email@domain.com | xyz_password | Authentication failed. |" name="And user enters login &quot;unregistered_email@domain.com&quot;" time="0"/>
  <testcase classname="| unregistered_email@domain.com | xyz_password | Authentication failed. |" name="And user enters password &quot;xyz_password&quot;" time="0"/>
  <testcase classname="| unregistered_email@domain.com | xyz_password | Authentication failed. |" name="And submit form with the &apos;Sign in&apos; button" time="0"/>
  <testcase classname="| unregistered_email@domain.com | xyz_password | Authentication failed. |" name="Then user can see relevant validation message: &quot;Authentication failed.&quot;" time="0"/>
  <testcase classname="| unregistered_email@domain.com | xyz_password | Authentication failed. |" name="| unregistered_email@domain.com | xyz_password | Authentication failed. |" time="0.716"/>
</testsuite>